<?xml version="1.0" encoding="UTF-8"?>
<!-- Generated by org.testng.reporters.JUnitXMLReporter -->
<testsuite hostname="ly" name="Default test" tests="4" failures="0" timestamp="28 Dec 2018 01:11:39 GMT" time="0.026" errors="0">
  <testcase name="runselenium" time="0.004" classname="testng.NewTest"/>
  <testcase name="runselenium1" time="0.001" classname="testng.NewTest"/>
  <testcase name="testconnectmysql" time="0.0" classname="testng.NewTest"/>
  <testcase name="testconnectoracle" time="0.0" classname="testng.NewTest"/>
</testsuite> <!-- Default test -->
