<?xml version="1.0" encoding="UTF-8"?>
<!-- Generated by org.testng.reporters.JUnitXMLReporter -->
<testsuite hostname="ly" name="selenium" tests="4" failures="0" timestamp="28 Dec 2018 01:35:17 GMT" time="0.006" errors="0">
  <testcase name="runselenium" time="0.001" classname="testng.NewTest"/>
  <testcase name="runselenium1" time="0.001" classname="testng.NewTest"/>
  <testcase name="runselenium" time="0.0" classname="testng.NewTest2"/>
  <testcase name="runselenium1" time="0.0" classname="testng.NewTest2"/>
</testsuite> <!-- selenium -->
